<?xml version="1.0" encoding="UTF-8"?>
<testsuite name="ic.doc.ModelTest" tests="4" skipped="0" failures="0" errors="0" timestamp="2024-02-28T12:46:17" hostname="Colins-Air.lan" time="0.009">
  <properties/>
  <testcase name="numberInputWillBeInsertedToStackAndViewWillBeNotified" classname="ic.doc.ModelTest" time="0.008"/>
  <testcase name="operatorInputWhenLessThanTwoNumberInStackThrowsError" classname="ic.doc.ModelTest" time="0.0"/>
  <testcase name="invalidInputThrowsException" classname="ic.doc.ModelTest" time="0.0"/>
  <testcase name="operatorInputWillPerformOperatorOnNumbersInStack" classname="ic.doc.ModelTest" time="0.001"/>
  <system-out><![CDATA[]]></system-out>
  <system-err><![CDATA[]]></system-err>
</testsuite>
